<?xml version="1.0" encoding="UTF-8"?>
<testsuite name="trawler.core.model.ConfigReaderTest" tests="22" skipped="0" failures="0" errors="0" timestamp="2022-02-06T19:45:25" hostname="Richards-MacBook-Pro.local" time="0.133">
  <properties/>
  <testcase name="processConfigHasEmployeeFirstNameFieldIsValid()" classname="trawler.core.model.ConfigReaderTest" time="0.092"/>
  <testcase name="errorCaseBadAssociation()" classname="trawler.core.model.ConfigReaderTest" time="0.007"/>
  <testcase name="usingValidationsFromAnotherModule()" classname="trawler.core.model.ConfigReaderTest" time="0.004"/>
  <testcase name="errorCaseFieldDefinitionNotFound()" classname="trawler.core.model.ConfigReaderTest" time="0.001"/>
  <testcase name="processConfigHasEmployeeIdFieldIsValid()" classname="trawler.core.model.ConfigReaderTest" time="0.001"/>
  <testcase name="everyFieldTypeEveryValidation()" classname="trawler.core.model.ConfigReaderTest" time="0.002"/>
  <testcase name="errorCaseBadValidationRule()" classname="trawler.core.model.ConfigReaderTest" time="0.001"/>
  <testcase name="errorCaseFieldDefinitionNotFoundWrongModuleError()" classname="trawler.core.model.ConfigReaderTest" time="0.001"/>
  <testcase name="processConfigHasEmployeePhoneNumberFieldIsValid()" classname="trawler.core.model.ConfigReaderTest" time="0.001"/>
  <testcase name="errorCaseValidationRuleNotFoundWarningOnly()" classname="trawler.core.model.ConfigReaderTest" time="0.001"/>
  <testcase name="processConfigHasNoErrors()" classname="trawler.core.model.ConfigReaderTest" time="0.001"/>
  <testcase name="employeeHasDepartmentAssociation()" classname="trawler.core.model.ConfigReaderTest" time="0.001"/>
  <testcase name="processConfigHasEmployeePhoneNumberFieldHasValidConfigIsValid()" classname="trawler.core.model.ConfigReaderTest" time="0.001"/>
  <testcase name="errorCaseBadAssociationWarningOnly()" classname="trawler.core.model.ConfigReaderTest" time="0.001"/>
  <testcase name="errorCaseBadValidationRuleParamProblem()" classname="trawler.core.model.ConfigReaderTest" time="0.003"/>
  <testcase name="errorCaseValidationRuleNotFound()" classname="trawler.core.model.ConfigReaderTest" time="0.001"/>
  <testcase name="errorCaseBadValidationRuleWarningOnly()" classname="trawler.core.model.ConfigReaderTest" time="0.001"/>
  <testcase name="usingFieldFromAnotherModule()" classname="trawler.core.model.ConfigReaderTest" time="0.0"/>
  <testcase name="processConfigHasEmployeeHasFields()" classname="trawler.core.model.ConfigReaderTest" time="0.0"/>
  <testcase name="processConfigHasEmployeeModel()" classname="trawler.core.model.ConfigReaderTest" time="0.0"/>
  <testcase name="errorCaseBadValidationRuleParamProblemWarningOnly()" classname="trawler.core.model.ConfigReaderTest" time="0.001"/>
  <testcase name="usingAssociationFromAnotherModule()" classname="trawler.core.model.ConfigReaderTest" time="0.001"/>
  <system-out><![CDATA[Error: Unable to find associated type name department CRAP/Department for model Employee of module Module1
Errors Processing Association Definitions for model Employee in module Module1 [] [TagDefinition(moduleName=Module1, name=view1, description=tag for view 1 description), TagDefinition(moduleName=Module2, name=adminView, description=tag for adminView 1 description)]
Error: Unable to find associated type name manager CRAP/Employee for model Department of module Module2
Errors Processing Association Definitions for model Department in module Module2 [] [TagDefinition(moduleName=Module1, name=view1, description=tag for view 1 description), TagDefinition(moduleName=Module2, name=adminView, description=tag for adminView 1 description)]
Unable to find field definition for field id (FAKEFIELDDEFINITION) Ref module1/FAKEFIELDDEFINITION for model EmployeeBad in module Module1 
 FieldDefinition(name=id, fieldDefinition=FAKEFIELDDEFINITION, description=null, required=true, tags=[])
Errors Processing Field Definitions for model EmployeeBad in module Module1
Unable to process validations for field phoneNumber (PhoneNumber) for model Employee in module Module1
Errors Processing Field Definitions for model Employee in module Module1
Unable to find field definition for field id (UUID) Ref fakemodule/UUID for model EmployeeBad in module FAKEMODULE 
 FieldDefinition(name=id, fieldDefinition=UUID, description=null, required=true, tags=[])
Errors Processing Field Definitions for model EmployeeBad in module FAKEMODULE
Warning while processing validations for field phoneNumber (PhoneNumber) for model Employee in module Module1
Warning processing Field Definitions for model Employee in module Module1
Warning: Unable to find associated type name department CRAP/Department for model Employee of module Module1
Warning processing Association Definitions for model Employee in module Module1
Warning: Unable to find associated type name manager CRAP/Employee for model Department of module Module2
Warning processing Association Definitions for model Department in module Module2
Unable to process validations for field phoneNumber (PhoneNumber) for model Employee in module Module1
Errors Processing Field Definitions for model Employee in module Module1
Unable to process validations for field phoneNumber (PhoneNumber) for model Employee in module Module1
Errors Processing Field Definitions for model Employee in module Module1
Warning while processing validations for field phoneNumber (PhoneNumber) for model Employee in module Module1
Warning processing Field Definitions for model Employee in module Module1
Warning while processing validations for field phoneNumber (PhoneNumber) for model Employee in module Module1
Warning processing Field Definitions for model Employee in module Module1
]]></system-out>
  <system-err><![CDATA[]]></system-err>
</testsuite>
